[S 2023 04 16 14:30] WAR-FTPD 1.65 Copyright (c) 1996, 1997 by jgaa. WIN32 (NT)
[S 2023 04 16 14:30] Unable to open user database. Autocreating new file.
[S 2023 04 16 14:30] Initializing ODBC log module...
[E 2023 04 16 14:30] Failed to initialize the ODBC log module
[S 2023 04 16 14:31] WAR-FTPD 1.65 Copyright (c) 1996, 1997 by jgaa. WIN32 (NT)
[S 2023 04 16 14:31] WinSock 2.0
[S 2023 04 16 14:31] Initializing ODBC log module...
[E 2023 04 16 14:31] Failed to initialize the ODBC log module
[S 2023 04 16 14:31] Going offline. Any connections will be closed.
[S 2023 04 16 14:32] WAR-FTPD 1.65 Copyright (c) 1996, 1997 by jgaa. WIN32 (NT)
[S 2023 04 16 14:32] WinSock 2.0
[S 2023 04 16 14:32] Initializing ODBC log module...
[E 2023 04 16 14:32] Failed to initialize the ODBC log module
[S 2023 04 16 14:34] WAR-FTPD 1.65 Copyright (c) 1996, 1997 by jgaa. WIN32 (NT)
[S 2023 04 16 14:34] WinSock 2.0
[S 2023 04 16 14:34] Initializing ODBC log module...
[E 2023 04 16 14:34] Failed to initialize the ODBC log module
[S 2023 04 16 14:36] WAR-FTPD 1.65 Copyright (c) 1996, 1997 by jgaa. WIN32 (NT)
[S 2023 04 16 14:36] WinSock 2.0
[S 2023 04 16 14:36] Initializing ODBC log module...
[E 2023 04 16 14:36] Failed to initialize the ODBC log module
[S 2023 04 16 14:37] WAR-FTPD 1.65 Copyright (c) 1996, 1997 by jgaa. WIN32 (NT)
[S 2023 04 16 14:37] WinSock 2.0
[S 2023 04 16 14:37] Initializing ODBC log module...
[E 2023 04 16 14:37] Failed to initialize the ODBC log module
[S 2023 04 16 14:38] WAR-FTPD 1.65 Copyright (c) 1996, 1997 by jgaa. WIN32 (NT)
[S 2023 04 16 14:38] WinSock 2.0
[S 2023 04 16 14:38] Initializing ODBC log module...
[E 2023 04 16 14:38] Failed to initialize the ODBC log module
[S 2023 04 16 14:39] WAR-FTPD 1.65 Copyright (c) 1996, 1997 by jgaa. WIN32 (NT)
[S 2023 04 16 14:39] WinSock 2.0
[S 2023 04 16 14:39] Initializing ODBC log module...
[E 2023 04 16 14:39] Failed to initialize the ODBC log module
[S 2023 04 16 14:40] WAR-FTPD 1.65 Copyright (c) 1996, 1997 by jgaa. WIN32 (NT)
[S 2023 04 16 14:40] WinSock 2.0
[S 2023 04 16 14:40] Initializing ODBC log module...
[E 2023 04 16 14:40] Failed to initialize the ODBC log module
[S 2023 04 16 14:40] WAR-FTPD 1.65 Copyright (c) 1996, 1997 by jgaa. WIN32 (NT)
[S 2023 04 16 14:40] WinSock 2.0
[S 2023 04 16 14:40] Initializing ODBC log module...
[E 2023 04 16 14:40] Failed to initialize the ODBC log module
[S 2023 04 16 14:43] WAR-FTPD 1.65 Copyright (c) 1996, 1997 by jgaa. WIN32 (NT)
[S 2023 04 16 14:43] WinSock 2.0
[S 2023 04 16 14:43] Initializing ODBC log module...
[E 2023 04 16 14:43] Failed to initialize the ODBC log module
